<?xml version="1.0" encoding="UTF-8"?>
<testng-results ignored="0" total="1" passed="1" failed="0" skipped="0">
  <reporter-output>
  </reporter-output>
  <suite started-at="2024-08-22T19:11:36 IST" name="Suite" finished-at="2024-08-22T19:11:43 IST" duration-ms="6652">
    <groups>
    </groups>
    <test started-at="2024-08-22T19:11:36 IST" name="Test" finished-at="2024-08-22T19:11:43 IST" duration-ms="6652">
      <class name="Practice.checkButtonIsClickeble">
        <test-method is-config="true" signature="setup()[pri:0, instance:Practice.checkButtonIsClickeble@58695725]" started-at="2024-08-22T19:11:36 IST" name="setup" finished-at="2024-08-22T19:11:42 IST" duration-ms="6201" status="PASS">
          <reporter-output>
          </reporter-output>
        </test-method> <!-- setup -->
        <test-method signature="buttoncheck()[pri:0, instance:Practice.checkButtonIsClickeble@58695725]" started-at="2024-08-22T19:11:42 IST" name="buttoncheck" finished-at="2024-08-22T19:11:42 IST" duration-ms="124" status="PASS">
          <reporter-output>
          </reporter-output>
        </test-method> <!-- buttoncheck -->
        <test-method is-config="true" signature="teardown()[pri:0, instance:Practice.checkButtonIsClickeble@58695725]" started-at="2024-08-22T19:11:42 IST" name="teardown" finished-at="2024-08-22T19:11:43 IST" duration-ms="257" status="PASS">
          <reporter-output>
          </reporter-output>
        </test-method> <!-- teardown -->
      </class> <!-- Practice.checkButtonIsClickeble -->
    </test> <!-- Test -->
  </suite> <!-- Suite -->
</testng-results>
